<?xml version="1.0" encoding="UTF-8"?>
<testsuite xmlns:xsi="http://www.w3.org/2001/XMLSchema-instance" xsi:noNamespaceSchemaLocation="https://maven.apache.org/surefire/maven-surefire-plugin/xsd/surefire-test-report.xsd" version="3.0.2" name="com.example.booksyspa.service.PedidoServiceTest" time="0.844" tests="10" errors="0" skipped="0" failures="0" flakes="0">
  <properties>
[...]
</properties>
  <testcase name="testGetPedidoId_existe" classname="com.example.booksyspa.service.PedidoServiceTest" time="0.006">
    <system-out><![CDATA[{"sequenceNumber":0,"timestamp":1782923976373,"nanoseconds":373578200,"level":"INFO","threadName":"main","loggerName":"org.springframework.test.context.support.AnnotationConfigContextLoaderUtils","context":{"name":"default","birthdate":1782923960762,"properties":{}},"markers": ["COMMONS-LOGGING"],"mdc": {},"message":"Could not detect default configuration classes for test class [com.example.booksyspa.service.PedidoServiceTest]: PedidoServiceTest does not declare any static, non-private, non-final, nested classes annotated with @Configuration.","arguments": [],"throwable":null}
{"sequenceNumber":0,"timestamp":1782923976376,"nanoseconds":376087600,"level":"INFO","threadName":"main","loggerName":"org.springframework.boot.test.context.SpringBootTestContextBootstrapper","context":{"name":"default","birthdate":1782923960762,"properties":{}},"markers": ["COMMONS-LOGGING"],"mdc": {},"message":"Found @SpringBootConfiguration com.example.booksyspa.BooksySPAApplication for test class com.example.booksyspa.service.PedidoServiceTest","arguments": [],"throwable":null}
{"sequenceNumber":0,"timestamp":1782923976377,"nanoseconds":377098900,"level":"INFO","threadName":"main","loggerName":"org.springframework.test.context.support.AnnotationConfigContextLoaderUtils","context":{"name":"default","birthdate":1782923960762,"properties":{}},"markers": ["COMMONS-LOGGING"],"mdc": {},"message":"Could not detect default configuration classes for test class [com.example.booksyspa.service.PedidoServiceTest]: PedidoServiceTest does not declare any static, non-private, non-final, nested classes annotated with @Configuration.","arguments": [],"throwable":null}
{"sequenceNumber":0,"timestamp":1782923976378,"nanoseconds":378097600,"level":"INFO","threadName":"main","loggerName":"org.springframework.boot.test.context.SpringBootTestContextBootstrapper","context":{"name":"default","birthdate":1782923960762,"properties":{}},"markers": ["COMMONS-LOGGING"],"mdc": {},"message":"Found @SpringBootConfiguration com.example.booksyspa.BooksySPAApplication for test class com.example.booksyspa.service.PedidoServiceTest","arguments": [],"throwable":null}

  .   ____          _            __ _ _
 /\\ / ___'_ __ _ _(_)_ __  __ _ \ \ \ \
( ( )\___ | '_ | '_| | '_ \/ _` | \ \ \ \
 \\/  ___)| |_)| | | | | || (_| |  ) ) ) )
  '  |____| .__|_| |_|_| |_\__, | / / / /
 =========|_|==============|___/=/_/_/_/

 :: Spring Boot ::                (v4.0.6)

{"sequenceNumber":0,"timestamp":1782923976407,"nanoseconds":407670200,"level":"INFO","threadName":"main","loggerName":"com.example.booksyspa.service.PedidoServiceTest","context":{"name":"default","birthdate":1782923960762,"properties":{}},"markers": ["COMMONS-LOGGING"],"mdc": {},"message":"Starting PedidoServiceTest using Java 25.0.3 with PID 26760 (started by santi in C:\\Users\\santi\\OneDrive\\Imágenes\\Escritorio\\Booksy\\booksy-spa-entrega2\\Booksy-SPA-new-main)","arguments": [],"throwable":null}
{"sequenceNumber":0,"timestamp":1782923976407,"nanoseconds":407670200,"level":"INFO","threadName":"main","loggerName":"com.example.booksyspa.service.PedidoServiceTest","context":{"name":"default","birthdate":1782923960762,"properties":{}},"markers": ["COMMONS-LOGGING"],"mdc": {},"message":"No active profile set, falling back to 1 default profile: \"default\"","arguments": [],"throwable":null}
{"sequenceNumber":0,"timestamp":1782923976641,"nanoseconds":641749200,"level":"INFO","threadName":"main","loggerName":"org.springframework.data.repository.config.RepositoryConfigurationDelegate","context":{"name":"default","birthdate":1782923960762,"properties":{}},"markers": ["COMMONS-LOGGING"],"mdc": {},"message":"Bootstrapping Spring Data JPA repositories in DEFAULT mode.","arguments": [],"throwable":null}
{"sequenceNumber":0,"timestamp":1782923976666,"nanoseconds":666317800,"level":"INFO","threadName":"main","loggerName":"org.springframework.data.repository.config.RepositoryConfigurationDelegate","context":{"name":"default","birthdate":1782923960762,"properties":{}},"markers": ["COMMONS-LOGGING"],"mdc": {},"message":"Finished Spring Data repository scanning in 22 ms. Found 5 JPA repository interfaces.","arguments": [],"throwable":null}
{"sequenceNumber":0,"timestamp":1782923976809,"nanoseconds":809307200,"level":"INFO","threadName":"main","loggerName":"com.zaxxer.hikari.HikariDataSource","context":{"name":"default","birthdate":1782923960762,"properties":{}},"mdc": {},"message":"{} - Starting...","arguments": ["HikariPool-5"],"throwable":null}
{"sequenceNumber":0,"timestamp":1782923976811,"nanoseconds":811339800,"level":"INFO","threadName":"main","loggerName":"com.zaxxer.hikari.pool.HikariPool","context":{"name":"default","birthdate":1782923960762,"properties":{}},"mdc": {},"message":"{} - Added connection {}","arguments": ["HikariPool-5","org.sqlite.jdbc4.JDBC4Connection@50a431b"],"throwable":null}
{"sequenceNumber":0,"timestamp":1782923976811,"nanoseconds":811339800,"level":"INFO","threadName":"main","loggerName":"com.zaxxer.hikari.HikariDataSource","context":{"name":"default","birthdate":1782923960762,"properties":{}},"mdc": {},"message":"{} - Start completed.","arguments": ["HikariPool-5"],"throwable":null}
{"sequenceNumber":0,"timestamp":1782923976811,"nanoseconds":811339800,"level":"INFO","threadName":"main","loggerName":"org.flywaydb.core.FlywayExecutor","context":{"name":"default","birthdate":1782923960762,"properties":{}},"mdc": {},"message":"Database: jdbc:sqlite:booksyspa.db?date_string_format=yyyy-MM-dd&date_class=text (SQLite 3.50)","throwable":null}
{"sequenceNumber":0,"timestamp":1782923976816,"nanoseconds":816832800,"level":"INFO","threadName":"main","loggerName":"org.flywaydb.core.internal.command.DbValidate","context":{"name":"default","birthdate":1782923960762,"properties":{}},"mdc": {},"message":"Successfully validated 2 migrations (execution time 00:00.003s)","throwable":null}
{"sequenceNumber":0,"timestamp":1782923976818,"nanoseconds":818352900,"level":"INFO","threadName":"main","loggerName":"org.flywaydb.core.internal.command.DbMigrate","context":{"name":"default","birthdate":1782923960762,"properties":{}},"mdc": {},"message":"Current version of schema \"main\": 2","throwable":null}
{"sequenceNumber":0,"timestamp":1782923976818,"nanoseconds":818352900,"level":"INFO","threadName":"main","loggerName":"org.flywaydb.core.internal.command.DbMigrate","context":{"name":"default","birthdate":1782923960762,"properties":{}},"mdc": {},"message":"Schema \"main\" is up to date. No migration necessary.","throwable":null}
{"sequenceNumber":0,"timestamp":1782923976834,"nanoseconds":834876300,"level":"INFO","threadName":"main","loggerName":"org.hibernate.orm.jpa","context":{"name":"default","birthdate":1782923960762,"properties":{}},"mdc": {},"message":"HHH008540: Processing PersistenceUnitInfo [name: default]","throwable":null}
{"sequenceNumber":0,"timestamp":1782923976854,"nanoseconds":854921500,"level":"INFO","threadName":"main","loggerName":"org.springframework.orm.jpa.persistenceunit.SpringPersistenceUnitInfo","context":{"name":"default","birthdate":1782923960762,"properties":{}},"markers": ["COMMONS-LOGGING"],"mdc": {},"message":"No LoadTimeWeaver setup: ignoring JPA class transformer","arguments": [],"throwable":null}
{"sequenceNumber":0,"timestamp":1782923976858,"nanoseconds":858441700,"level":"INFO","threadName":"main","loggerName":"org.hibernate.orm.connections.pooling","context":{"name":"default","birthdate":1782923960762,"properties":{}},"mdc": {},"message":"HHH10001005: Database info:\n\tDatabase JDBC URL [jdbc:sqlite:booksyspa.db?date_string_format=yyyy-MM-dd&date_class=text]\n\tDatabase driver: SQLite JDBC\n\tDatabase dialect: SQLiteDialect\n\tDatabase version: 3.50.3\n\tDefault catalog\/schema: undefined\/undefined\n\tAutocommit mode: undefined\/unknown\n\tIsolation level: SERIALIZABLE [default SERIALIZABLE]\n\tJDBC fetch size: none\n\tPool: DataSourceConnectionProvider\n\tMinimum pool size: undefined\/unknown\n\tMaximum pool size: undefined\/unknown","throwable":null}
{"sequenceNumber":0,"timestamp":1782923976914,"nanoseconds":914735800,"level":"INFO","threadName":"main","loggerName":"org.hibernate.orm.core","context":{"name":"default","birthdate":1782923960762,"properties":{}},"mdc": {},"message":"HHH000489: No JTA platform available (set 'hibernate.transaction.jta.platform' to enable JTA platform integration)","throwable":null}
{"sequenceNumber":0,"timestamp":1782923976918,"nanoseconds":918863000,"level":"INFO","threadName":"main","loggerName":"org.springframework.orm.jpa.LocalContainerEntityManagerFactoryBean","context":{"name":"default","birthdate":1782923960762,"properties":{}},"markers": ["COMMONS-LOGGING"],"mdc": {},"message":"Initialized JPA EntityManagerFactory for persistence unit 'default'","arguments": [],"throwable":null}
{"sequenceNumber":0,"timestamp":1782923977017,"nanoseconds":17635100,"level":"WARN","threadName":"main","loggerName":"org.springframework.boot.jpa.autoconfigure.JpaBaseConfiguration$JpaWebConfiguration","context":{"name":"default","birthdate":1782923960762,"properties":{}},"markers": ["COMMONS-LOGGING"],"mdc": {},"message":"spring.jpa.open-in-view is enabled by default. Therefore, database queries may be performed during view rendering. Explicitly configure spring.jpa.open-in-view to disable this warning","arguments": [],"throwable":null}
{"sequenceNumber":0,"timestamp":1782923977028,"nanoseconds":28157900,"level":"WARN","threadName":"main","loggerName":"org.springframework.boot.security.autoconfigure.UserDetailsServiceAutoConfiguration","context":{"name":"default","birthdate":1782923960762,"properties":{}},"markers": ["COMMONS-LOGGING"],"mdc": {},"message":"\r\n\r\nUsing generated security password: f2bb3ee6-afce-4469-9db8-d2dab625a6a4\r\n\r\nThis generated password is for development use only. Your security configuration must be updated before running your application in production.\r\n","arguments": [],"throwable":null}
{"sequenceNumber":0,"timestamp":1782923977029,"nanoseconds":29165400,"level":"INFO","threadName":"main","loggerName":"org.springframework.security.config.annotation.authentication.configuration.InitializeUserDetailsBeanManagerConfigurer$InitializeUserDetailsManagerConfigurer","context":{"name":"default","birthdate":1782923960762,"properties":{}},"markers": ["COMMONS-LOGGING"],"mdc": {},"message":"Global AuthenticationManager configured with UserDetailsService bean with name inMemoryUserDetailsManager","arguments": [],"throwable":null}
{"sequenceNumber":0,"timestamp":1782923977149,"nanoseconds":149786300,"level":"INFO","threadName":"main","loggerName":"com.example.booksyspa.service.PedidoServiceTest","context":{"name":"default","birthdate":1782923960762,"properties":{}},"markers": ["COMMONS-LOGGING"],"mdc": {},"message":"Started PedidoServiceTest in 0.767 seconds (process running for 17.666)","arguments": [],"throwable":null}
{"sequenceNumber":0,"timestamp":1782923977150,"nanoseconds":150789300,"level":"WARN","threadName":"main","loggerName":"org.springdoc.core.events.SpringDocAppInitializer","context":{"name":"default","birthdate":1782923960762,"properties":{}},"mdc": {},"message":"SpringDoc {} endpoint is enabled by default. To disable it in production, set the property '{}=false'","arguments": ["\/v3\/api-docs","springdoc.api-docs.enabled"],"throwable":null}
{"sequenceNumber":0,"timestamp":1782923977150,"nanoseconds":150789300,"level":"WARN","threadName":"main","loggerName":"org.springdoc.core.events.SpringDocAppInitializer","context":{"name":"default","birthdate":1782923960762,"properties":{}},"mdc": {},"message":"SpringDoc {} endpoint is enabled by default. To disable it in production, set the property '{}=false'","arguments": ["\/swagger-ui.html","springdoc.swagger-ui.enabled"],"throwable":null}
{"sequenceNumber":0,"timestamp":1782923977156,"nanoseconds":156299400,"level":"INFO","threadName":"main","loggerName":"com.example.booksyspa.service.PedidoService","context":{"name":"default","birthdate":1782923960762,"properties":{}},"mdc": {},"message":"Buscando pedido con id={}","arguments": ["1"],"throwable":null}
]]></system-out>
  </testcase>
  <testcase name="testGetPedidosPorCliente_clienteNoExiste" classname="com.example.booksyspa.service.PedidoServiceTest" time="0.005">
    <system-out><![CDATA[{"sequenceNumber":0,"timestamp":1782923977162,"nanoseconds":162317400,"level":"INFO","threadName":"main","loggerName":"com.example.booksyspa.service.PedidoService","context":{"name":"default","birthdate":1782923960762,"properties":{}},"mdc": {},"message":"Consultando pedidos del cliente id={}","arguments": ["99"],"throwable":null}
{"sequenceNumber":0,"timestamp":1782923977162,"nanoseconds":162317400,"level":"WARN","threadName":"main","loggerName":"com.example.booksyspa.service.PedidoService","context":{"name":"default","birthdate":1782923960762,"properties":{}},"mdc": {},"message":"No existe cliente con id={}","arguments": ["99"],"throwable":null}
]]></system-out>
  </testcase>
  <testcase name="testGetPedidosPorCliente" classname="com.example.booksyspa.service.PedidoServiceTest" time="0.004">
    <system-out><![CDATA[{"sequenceNumber":0,"timestamp":1782923977167,"nanoseconds":167832700,"level":"INFO","threadName":"main","loggerName":"com.example.booksyspa.service.PedidoService","context":{"name":"default","birthdate":1782923960762,"properties":{}},"mdc": {},"message":"Consultando pedidos del cliente id={}","arguments": ["1"],"throwable":null}
]]></system-out>
  </testcase>
  <testcase name="testGetPedidosPorEstado_estadoInvalido" classname="com.example.booksyspa.service.PedidoServiceTest" time="0.005">
    <system-out><![CDATA[{"sequenceNumber":0,"timestamp":1782923977172,"nanoseconds":172841100,"level":"INFO","threadName":"main","loggerName":"com.example.booksyspa.service.PedidoService","context":{"name":"default","birthdate":1782923960762,"properties":{}},"mdc": {},"message":"Consultando pedidos con estado={}","arguments": ["ESTADO_INVALIDO"],"throwable":null}
{"sequenceNumber":0,"timestamp":1782923977172,"nanoseconds":172841100,"level":"WARN","threadName":"main","loggerName":"com.example.booksyspa.service.PedidoService","context":{"name":"default","birthdate":1782923960762,"properties":{}},"mdc": {},"message":"Estado de pedido inválido: {}","arguments": ["ESTADO_INVALIDO"],"throwable":null}
]]></system-out>
  </testcase>
  <testcase name="testGetPedidos" classname="com.example.booksyspa.service.PedidoServiceTest" time="0.004">
    <system-out><![CDATA[{"sequenceNumber":0,"timestamp":1782923977179,"nanoseconds":179361700,"level":"INFO","threadName":"main","loggerName":"com.example.booksyspa.service.PedidoService","context":{"name":"default","birthdate":1782923960762,"properties":{}},"mdc": {},"message":"Consultando todos los pedidos","throwable":null}
]]></system-out>
  </testcase>
  <testcase name="testDeletePedido" classname="com.example.booksyspa.service.PedidoServiceTest" time="0.008">
    <system-out><![CDATA[{"sequenceNumber":0,"timestamp":1782923977185,"nanoseconds":185869600,"level":"INFO","threadName":"main","loggerName":"com.example.booksyspa.service.PedidoService","context":{"name":"default","birthdate":1782923960762,"properties":{}},"mdc": {},"message":"Eliminando pedido con id={}","arguments": ["1"],"throwable":null}
{"sequenceNumber":0,"timestamp":1782923977185,"nanoseconds":185869600,"level":"INFO","threadName":"main","loggerName":"com.example.booksyspa.service.PedidoService","context":{"name":"default","birthdate":1782923960762,"properties":{}},"mdc": {},"message":"Pedido id={} eliminado correctamente","arguments": ["1"],"throwable":null}
]]></system-out>
  </testcase>
  <testcase name="testSavePedido" classname="com.example.booksyspa.service.PedidoServiceTest" time="0.007">
    <system-out><![CDATA[{"sequenceNumber":0,"timestamp":1782923977194,"nanoseconds":194515600,"level":"INFO","threadName":"main","loggerName":"com.example.booksyspa.service.PedidoService","context":{"name":"default","birthdate":1782923960762,"properties":{}},"mdc": {},"message":"Intentando registrar pedido para cliente id={} y libro id={}","arguments": ["1","1"],"throwable":null}
{"sequenceNumber":0,"timestamp":1782923977196,"nanoseconds":196028200,"level":"INFO","threadName":"main","loggerName":"com.example.booksyspa.service.PedidoService","context":{"name":"default","birthdate":1782923960762,"properties":{}},"mdc": {},"message":"Pedido registrado correctamente con id={}","arguments": ["1"],"throwable":null}
]]></system-out>
  </testcase>
  <testcase name="testGetPedidosPorEstado_estadoValido" classname="com.example.booksyspa.service.PedidoServiceTest" time="0.003">
    <system-out><![CDATA[{"sequenceNumber":0,"timestamp":1782923977202,"nanoseconds":202124600,"level":"INFO","threadName":"main","loggerName":"com.example.booksyspa.service.PedidoService","context":{"name":"default","birthdate":1782923960762,"properties":{}},"mdc": {},"message":"Consultando pedidos con estado={}","arguments": ["PENDIENTE"],"throwable":null}
]]></system-out>
  </testcase>
  <testcase name="testSavePedido_clienteNoExiste" classname="com.example.booksyspa.service.PedidoServiceTest" time="0.005">
    <system-out><![CDATA[{"sequenceNumber":0,"timestamp":1782923977208,"nanoseconds":208654300,"level":"INFO","threadName":"main","loggerName":"com.example.booksyspa.service.PedidoService","context":{"name":"default","birthdate":1782923960762,"properties":{}},"mdc": {},"message":"Intentando registrar pedido para cliente id={} y libro id={}","arguments": ["1","1"],"throwable":null}
{"sequenceNumber":0,"timestamp":1782923977208,"nanoseconds":208654300,"level":"WARN","threadName":"main","loggerName":"com.example.booksyspa.service.PedidoService","context":{"name":"default","birthdate":1782923960762,"properties":{}},"mdc": {},"message":"No se encontró cliente con id={}","arguments": ["1"],"throwable":null}
]]></system-out>
  </testcase>
  <testcase name="testGetPedidoId_noExiste" classname="com.example.booksyspa.service.PedidoServiceTest" time="0.003">
    <system-out><![CDATA[{"sequenceNumber":0,"timestamp":1782923977213,"nanoseconds":213657400,"level":"INFO","threadName":"main","loggerName":"com.example.booksyspa.service.PedidoService","context":{"name":"default","birthdate":1782923960762,"properties":{}},"mdc": {},"message":"Buscando pedido con id={}","arguments": ["99"],"throwable":null}
{"sequenceNumber":0,"timestamp":1782923977213,"nanoseconds":213657400,"level":"WARN","threadName":"main","loggerName":"com.example.booksyspa.service.PedidoService","context":{"name":"default","birthdate":1782923960762,"properties":{}},"mdc": {},"message":"No se encontró pedido con id={}","arguments": ["99"],"throwable":null}
]]></system-out>
  </testcase>
</testsuite>