<?xml version="1.0" encoding="UTF-8"?>
<testsuite xmlns:xsi="http://www.w3.org/2001/XMLSchema-instance" xsi:noNamespaceSchemaLocation="https://maven.apache.org/surefire/maven-surefire-plugin/xsd/surefire-test-report.xsd" version="3.0.2" name="com.example.booksyspa.service.LibroServiceTest" time="0.808" tests="9" errors="0" skipped="0" failures="0" flakes="0">
  <properties>
[...]
</properties>
  <testcase name="testDeleteLibro" classname="com.example.booksyspa.service.LibroServiceTest" time="0.011">
    <system-out><![CDATA[{"sequenceNumber":0,"timestamp":1782943642768,"nanoseconds":768658600,"level":"INFO","threadName":"main","loggerName":"org.springframework.test.context.support.AnnotationConfigContextLoaderUtils","context":{"name":"default","birthdate":1782943628597,"properties":{}},"markers": ["COMMONS-LOGGING"],"mdc": {},"message":"Could not detect default configuration classes for test class [com.example.booksyspa.service.LibroServiceTest]: LibroServiceTest does not declare any static, non-private, non-final, nested classes annotated with @Configuration.","arguments": [],"throwable":null}
{"sequenceNumber":0,"timestamp":1782943642770,"nanoseconds":770655500,"level":"INFO","threadName":"main","loggerName":"org.springframework.boot.test.context.SpringBootTestContextBootstrapper","context":{"name":"default","birthdate":1782943628597,"properties":{}},"markers": ["COMMONS-LOGGING"],"mdc": {},"message":"Found @SpringBootConfiguration com.example.booksyspa.BooksySPAApplication for test class com.example.booksyspa.service.LibroServiceTest","arguments": [],"throwable":null}
{"sequenceNumber":0,"timestamp":1782943642773,"nanoseconds":773667800,"level":"INFO","threadName":"main","loggerName":"org.springframework.test.context.support.AnnotationConfigContextLoaderUtils","context":{"name":"default","birthdate":1782943628597,"properties":{}},"markers": ["COMMONS-LOGGING"],"mdc": {},"message":"Could not detect default configuration classes for test class [com.example.booksyspa.service.LibroServiceTest]: LibroServiceTest does not declare any static, non-private, non-final, nested classes annotated with @Configuration.","arguments": [],"throwable":null}
{"sequenceNumber":0,"timestamp":1782943642777,"nanoseconds":777124300,"level":"INFO","threadName":"main","loggerName":"org.springframework.boot.test.context.SpringBootTestContextBootstrapper","context":{"name":"default","birthdate":1782943628597,"properties":{}},"markers": ["COMMONS-LOGGING"],"mdc": {},"message":"Found @SpringBootConfiguration com.example.booksyspa.BooksySPAApplication for test class com.example.booksyspa.service.LibroServiceTest","arguments": [],"throwable":null}

  .   ____          _            __ _ _
 /\\ / ___'_ __ _ _(_)_ __  __ _ \ \ \ \
( ( )\___ | '_ | '_| | '_ \/ _` | \ \ \ \
 \\/  ___)| |_)| | | | | || (_| |  ) ) ) )
  '  |____| .__|_| |_|_| |_\__, | / / / /
 =========|_|==============|___/=/_/_/_/

 :: Spring Boot ::                (v4.0.6)

{"sequenceNumber":0,"timestamp":1782943642812,"nanoseconds":812419200,"level":"INFO","threadName":"main","loggerName":"com.example.booksyspa.service.LibroServiceTest","context":{"name":"default","birthdate":1782943628597,"properties":{}},"markers": ["COMMONS-LOGGING"],"mdc": {},"message":"Starting LibroServiceTest using Java 25.0.3 with PID 3412 (started by santi in c:\\Users\\santi\\OneDrive\\Imágenes\\Escritorio\\Booksy\\booksy-spa-entrega2\\Booksy-SPA-new-main)","arguments": [],"throwable":null}
{"sequenceNumber":0,"timestamp":1782943642812,"nanoseconds":812419200,"level":"INFO","threadName":"main","loggerName":"com.example.booksyspa.service.LibroServiceTest","context":{"name":"default","birthdate":1782943628597,"properties":{}},"markers": ["COMMONS-LOGGING"],"mdc": {},"message":"No active profile set, falling back to 1 default profile: \"default\"","arguments": [],"throwable":null}
{"sequenceNumber":0,"timestamp":1782943643021,"nanoseconds":21174100,"level":"INFO","threadName":"main","loggerName":"org.springframework.data.repository.config.RepositoryConfigurationDelegate","context":{"name":"default","birthdate":1782943628597,"properties":{}},"markers": ["COMMONS-LOGGING"],"mdc": {},"message":"Bootstrapping Spring Data JPA repositories in DEFAULT mode.","arguments": [],"throwable":null}
{"sequenceNumber":0,"timestamp":1782943643037,"nanoseconds":37190600,"level":"INFO","threadName":"main","loggerName":"org.springframework.data.repository.config.RepositoryConfigurationDelegate","context":{"name":"default","birthdate":1782943628597,"properties":{}},"markers": ["COMMONS-LOGGING"],"mdc": {},"message":"Finished Spring Data repository scanning in 15 ms. Found 5 JPA repository interfaces.","arguments": [],"throwable":null}
{"sequenceNumber":0,"timestamp":1782943643184,"nanoseconds":184015100,"level":"INFO","threadName":"main","loggerName":"com.zaxxer.hikari.HikariDataSource","context":{"name":"default","birthdate":1782943628597,"properties":{}},"mdc": {},"message":"{} - Starting...","arguments": ["HikariPool-5"],"throwable":null}
{"sequenceNumber":0,"timestamp":1782943643186,"nanoseconds":186015900,"level":"INFO","threadName":"main","loggerName":"com.zaxxer.hikari.pool.HikariPool","context":{"name":"default","birthdate":1782943628597,"properties":{}},"mdc": {},"message":"{} - Added connection {}","arguments": ["HikariPool-5","org.sqlite.jdbc4.JDBC4Connection@208718b3"],"throwable":null}
{"sequenceNumber":0,"timestamp":1782943643186,"nanoseconds":186015900,"level":"INFO","threadName":"main","loggerName":"com.zaxxer.hikari.HikariDataSource","context":{"name":"default","birthdate":1782943628597,"properties":{}},"mdc": {},"message":"{} - Start completed.","arguments": ["HikariPool-5"],"throwable":null}
{"sequenceNumber":0,"timestamp":1782943643187,"nanoseconds":187014900,"level":"INFO","threadName":"main","loggerName":"org.flywaydb.core.FlywayExecutor","context":{"name":"default","birthdate":1782943628597,"properties":{}},"mdc": {},"message":"Database: jdbc:sqlite:booksyspa.db?date_string_format=yyyy-MM-dd&date_class=text (SQLite 3.50)","throwable":null}
{"sequenceNumber":0,"timestamp":1782943643194,"nanoseconds":194014500,"level":"INFO","threadName":"main","loggerName":"org.flywaydb.core.internal.command.DbValidate","context":{"name":"default","birthdate":1782943628597,"properties":{}},"mdc": {},"message":"Successfully validated 2 migrations (execution time 00:00.003s)","throwable":null}
{"sequenceNumber":0,"timestamp":1782943643195,"nanoseconds":195015200,"level":"INFO","threadName":"main","loggerName":"org.flywaydb.core.internal.command.DbMigrate","context":{"name":"default","birthdate":1782943628597,"properties":{}},"mdc": {},"message":"Current version of schema \"main\": 2","throwable":null}
{"sequenceNumber":0,"timestamp":1782943643195,"nanoseconds":195015200,"level":"INFO","threadName":"main","loggerName":"org.flywaydb.core.internal.command.DbMigrate","context":{"name":"default","birthdate":1782943628597,"properties":{}},"mdc": {},"message":"Schema \"main\" is up to date. No migration necessary.","throwable":null}
{"sequenceNumber":0,"timestamp":1782943643210,"nanoseconds":210016200,"level":"INFO","threadName":"main","loggerName":"org.hibernate.orm.jpa","context":{"name":"default","birthdate":1782943628597,"properties":{}},"mdc": {},"message":"HHH008540: Processing PersistenceUnitInfo [name: default]","arguments": [],"throwable":null}
{"sequenceNumber":0,"timestamp":1782943643229,"nanoseconds":229042500,"level":"INFO","threadName":"main","loggerName":"org.springframework.orm.jpa.persistenceunit.SpringPersistenceUnitInfo","context":{"name":"default","birthdate":1782943628597,"properties":{}},"markers": ["COMMONS-LOGGING"],"mdc": {},"message":"No LoadTimeWeaver setup: ignoring JPA class transformer","arguments": [],"throwable":null}
{"sequenceNumber":0,"timestamp":1782943643232,"nanoseconds":232028100,"level":"INFO","threadName":"main","loggerName":"org.hibernate.orm.connections.pooling","context":{"name":"default","birthdate":1782943628597,"properties":{}},"mdc": {},"message":"HHH10001005: Database info:\n\tDatabase JDBC URL [jdbc:sqlite:booksyspa.db?date_string_format=yyyy-MM-dd&date_class=text]\n\tDatabase driver: SQLite JDBC\n\tDatabase dialect: SQLiteDialect\n\tDatabase version: 3.50.3\n\tDefault catalog\/schema: undefined\/undefined\n\tAutocommit mode: undefined\/unknown\n\tIsolation level: SERIALIZABLE [default SERIALIZABLE]\n\tJDBC fetch size: none\n\tPool: DataSourceConnectionProvider\n\tMinimum pool size: undefined\/unknown\n\tMaximum pool size: undefined\/unknown","arguments": [],"throwable":null}
{"sequenceNumber":0,"timestamp":1782943643301,"nanoseconds":301013800,"level":"INFO","threadName":"main","loggerName":"org.hibernate.orm.core","context":{"name":"default","birthdate":1782943628597,"properties":{}},"mdc": {},"message":"HHH000489: No JTA platform available (set 'hibernate.transaction.jta.platform' to enable JTA platform integration)","arguments": [],"throwable":null}
{"sequenceNumber":0,"timestamp":1782943643306,"nanoseconds":306013000,"level":"INFO","threadName":"main","loggerName":"org.springframework.orm.jpa.LocalContainerEntityManagerFactoryBean","context":{"name":"default","birthdate":1782943628597,"properties":{}},"markers": ["COMMONS-LOGGING"],"mdc": {},"message":"Initialized JPA EntityManagerFactory for persistence unit 'default'","arguments": [],"throwable":null}
{"sequenceNumber":0,"timestamp":1782943643416,"nanoseconds":416710700,"level":"WARN","threadName":"main","loggerName":"org.springframework.boot.jpa.autoconfigure.JpaBaseConfiguration$JpaWebConfiguration","context":{"name":"default","birthdate":1782943628597,"properties":{}},"markers": ["COMMONS-LOGGING"],"mdc": {},"message":"spring.jpa.open-in-view is enabled by default. Therefore, database queries may be performed during view rendering. Explicitly configure spring.jpa.open-in-view to disable this warning","arguments": [],"throwable":null}
{"sequenceNumber":0,"timestamp":1782943643424,"nanoseconds":424698400,"level":"WARN","threadName":"main","loggerName":"org.springframework.boot.security.autoconfigure.UserDetailsServiceAutoConfiguration","context":{"name":"default","birthdate":1782943628597,"properties":{}},"markers": ["COMMONS-LOGGING"],"mdc": {},"message":"\r\n\r\nUsing generated security password: 6653b9ea-0c6b-4c3b-a2ed-1b241e6cf370\r\n\r\nThis generated password is for development use only. Your security configuration must be updated before running your application in production.\r\n","arguments": [],"throwable":null}
{"sequenceNumber":0,"timestamp":1782943643425,"nanoseconds":425709100,"level":"INFO","threadName":"main","loggerName":"org.springframework.security.config.annotation.authentication.configuration.InitializeUserDetailsBeanManagerConfigurer$InitializeUserDetailsManagerConfigurer","context":{"name":"default","birthdate":1782943628597,"properties":{}},"markers": ["COMMONS-LOGGING"],"mdc": {},"message":"Global AuthenticationManager configured with UserDetailsService bean with name inMemoryUserDetailsManager","arguments": [],"throwable":null}
{"sequenceNumber":0,"timestamp":1782943643514,"nanoseconds":514247800,"level":"INFO","threadName":"main","loggerName":"com.example.booksyspa.service.LibroServiceTest","context":{"name":"default","birthdate":1782943628597,"properties":{}},"markers": ["COMMONS-LOGGING"],"mdc": {},"message":"Started LibroServiceTest in 0.732 seconds (process running for 16.031)","arguments": [],"throwable":null}
{"sequenceNumber":0,"timestamp":1782943643514,"nanoseconds":514247800,"level":"WARN","threadName":"main","loggerName":"org.springdoc.core.events.SpringDocAppInitializer","context":{"name":"default","birthdate":1782943628597,"properties":{}},"mdc": {},"message":"SpringDoc {} endpoint is enabled by default. To disable it in production, set the property '{}=false'","arguments": ["\/v3\/api-docs","springdoc.api-docs.enabled"],"throwable":null}
{"sequenceNumber":0,"timestamp":1782943643514,"nanoseconds":514247800,"level":"WARN","threadName":"main","loggerName":"org.springdoc.core.events.SpringDocAppInitializer","context":{"name":"default","birthdate":1782943628597,"properties":{}},"mdc": {},"message":"SpringDoc {} endpoint is enabled by default. To disable it in production, set the property '{}=false'","arguments": ["\/swagger-ui.html","springdoc.swagger-ui.enabled"],"throwable":null}
{"sequenceNumber":0,"timestamp":1782943643523,"nanoseconds":523247300,"level":"INFO","threadName":"main","loggerName":"com.example.booksyspa.service.LibroService","context":{"name":"default","birthdate":1782943628597,"properties":{}},"mdc": {},"message":"Eliminando libro con id={}","arguments": ["1"],"throwable":null}
{"sequenceNumber":0,"timestamp":1782943643525,"nanoseconds":525252200,"level":"INFO","threadName":"main","loggerName":"com.example.booksyspa.service.LibroService","context":{"name":"default","birthdate":1782943628597,"properties":{}},"mdc": {},"message":"Libro id={} eliminado correctamente","arguments": ["1"],"throwable":null}
]]></system-out>
  </testcase>
  <testcase name="testGetLibroId_existe" classname="com.example.booksyspa.service.LibroServiceTest" time="0.004">
    <system-out><![CDATA[{"sequenceNumber":0,"timestamp":1782943643530,"nanoseconds":530248000,"level":"INFO","threadName":"main","loggerName":"com.example.booksyspa.service.LibroService","context":{"name":"default","birthdate":1782943628597,"properties":{}},"mdc": {},"message":"Buscando libro con id={}","arguments": ["1"],"throwable":null}
]]></system-out>
  </testcase>
  <testcase name="testGetLibrosPorCategoria" classname="com.example.booksyspa.service.LibroServiceTest" time="0.003">
    <system-out><![CDATA[{"sequenceNumber":0,"timestamp":1782943643535,"nanoseconds":535247100,"level":"INFO","threadName":"main","loggerName":"com.example.booksyspa.service.LibroService","context":{"name":"default","birthdate":1782943628597,"properties":{}},"mdc": {},"message":"Consultando libros de categoría id={}","arguments": ["1"],"throwable":null}
]]></system-out>
  </testcase>
  <testcase name="testSaveLibro" classname="com.example.booksyspa.service.LibroServiceTest" time="0.007">
    <system-out><![CDATA[{"sequenceNumber":0,"timestamp":1782943643540,"nanoseconds":540898600,"level":"INFO","threadName":"main","loggerName":"com.example.booksyspa.service.LibroService","context":{"name":"default","birthdate":1782943628597,"properties":{}},"mdc": {},"message":"Intentando guardar libro con ISBN={}","arguments": ["978-0-06-112008-4"],"throwable":null}
{"sequenceNumber":0,"timestamp":1782943643542,"nanoseconds":542920000,"level":"INFO","threadName":"main","loggerName":"com.example.booksyspa.service.LibroService","context":{"name":"default","birthdate":1782943628597,"properties":{}},"mdc": {},"message":"Libro guardado correctamente con id={}","arguments": ["1"],"throwable":null}
]]></system-out>
  </testcase>
  <testcase name="testGetLibroId_noExiste" classname="com.example.booksyspa.service.LibroServiceTest" time="0.004">
    <system-out><![CDATA[{"sequenceNumber":0,"timestamp":1782943643547,"nanoseconds":547306600,"level":"INFO","threadName":"main","loggerName":"com.example.booksyspa.service.LibroService","context":{"name":"default","birthdate":1782943628597,"properties":{}},"mdc": {},"message":"Buscando libro con id={}","arguments": ["99"],"throwable":null}
{"sequenceNumber":0,"timestamp":1782943643547,"nanoseconds":547306600,"level":"WARN","threadName":"main","loggerName":"com.example.booksyspa.service.LibroService","context":{"name":"default","birthdate":1782943628597,"properties":{}},"mdc": {},"message":"No se encontró libro con id={}","arguments": ["99"],"throwable":null}
]]></system-out>
  </testcase>
  <testcase name="testSaveLibro_isbnDuplicado" classname="com.example.booksyspa.service.LibroServiceTest" time="0.007">
    <system-out><![CDATA[{"sequenceNumber":0,"timestamp":1782943643553,"nanoseconds":553825100,"level":"INFO","threadName":"main","loggerName":"com.example.booksyspa.service.LibroService","context":{"name":"default","birthdate":1782943628597,"properties":{}},"mdc": {},"message":"Intentando guardar libro con ISBN={}","arguments": ["978-0-06-112008-4"],"throwable":null}
{"sequenceNumber":0,"timestamp":1782943643554,"nanoseconds":554825800,"level":"WARN","threadName":"main","loggerName":"com.example.booksyspa.service.LibroService","context":{"name":"default","birthdate":1782943628597,"properties":{}},"mdc": {},"message":"Intento de registrar libro con ISBN duplicado={}","arguments": ["978-0-06-112008-4"],"throwable":null}
]]></system-out>
  </testcase>
  <testcase name="testGetLibros" classname="com.example.booksyspa.service.LibroServiceTest" time="0.004">
    <system-out><![CDATA[{"sequenceNumber":0,"timestamp":1782943643562,"nanoseconds":562724500,"level":"INFO","threadName":"main","loggerName":"com.example.booksyspa.service.LibroService","context":{"name":"default","birthdate":1782943628597,"properties":{}},"mdc": {},"message":"Consultando todos los libros","throwable":null}
]]></system-out>
  </testcase>
  <testcase name="testGetLibroPorIsbn_existe" classname="com.example.booksyspa.service.LibroServiceTest" time="0.003">
    <system-out><![CDATA[{"sequenceNumber":0,"timestamp":1782943643567,"nanoseconds":567227200,"level":"INFO","threadName":"main","loggerName":"com.example.booksyspa.service.LibroService","context":{"name":"default","birthdate":1782943628597,"properties":{}},"mdc": {},"message":"Buscando libro con ISBN={}","arguments": ["978-0-06-112008-4"],"throwable":null}
]]></system-out>
  </testcase>
  <testcase name="testGetLibrosPorAutor" classname="com.example.booksyspa.service.LibroServiceTest" time="0.005">
    <system-out><![CDATA[{"sequenceNumber":0,"timestamp":1782943643571,"nanoseconds":571838800,"level":"INFO","threadName":"main","loggerName":"com.example.booksyspa.service.LibroService","context":{"name":"default","birthdate":1782943628597,"properties":{}},"mdc": {},"message":"Consultando libros de autor id={}","arguments": ["1"],"throwable":null}
]]></system-out>
  </testcase>
</testsuite>