<?xml version="1.0" encoding="UTF-8"?>
<testsuite xmlns:xsi="http://www.w3.org/2001/XMLSchema-instance" xsi:noNamespaceSchemaLocation="https://maven.apache.org/surefire/maven-surefire-plugin/xsd/surefire-test-report.xsd" version="3.0.2" name="com.example.booksyspa.controller.ClienteControllerTest" time="0.279" tests="6" errors="0" skipped="0" failures="0" flakes="0">
  <properties>
[...]
</properties>
  <testcase name="testGetClienteById" classname="com.example.booksyspa.controller.ClienteControllerTest" time="0.112">
    <system-out><![CDATA[12:39:24.739 [main] INFO org.springframework.mock.web.MockServletContext -- Initializing Spring TestDispatcherServlet ''
12:39:24.739 [main] INFO org.springframework.test.web.servlet.TestDispatcherServlet -- Initializing Servlet ''
12:39:24.740 [main] INFO org.springframework.test.web.servlet.TestDispatcherServlet -- Completed initialization in 1 ms
12:39:24.747 [main] INFO com.example.booksyspa.controller.ClienteController -- GET /api/v2/clientes/1
]]></system-out>
  </testcase>
  <testcase name="testDeleteCliente" classname="com.example.booksyspa.controller.ClienteControllerTest" time="0.022">
    <system-out><![CDATA[12:39:24.776 [main] INFO org.springframework.mock.web.MockServletContext -- Initializing Spring TestDispatcherServlet ''
12:39:24.776 [main] INFO org.springframework.test.web.servlet.TestDispatcherServlet -- Initializing Servlet ''
12:39:24.776 [main] INFO org.springframework.test.web.servlet.TestDispatcherServlet -- Completed initialization in 0 ms
12:39:24.778 [main] INFO com.example.booksyspa.controller.ClienteController -- DELETE /api/v2/clientes/1
]]></system-out>
  </testcase>
  <testcase name="testGetAllClientes" classname="com.example.booksyspa.controller.ClienteControllerTest" time="0.027">
    <system-out><![CDATA[12:39:24.798 [main] INFO org.springframework.mock.web.MockServletContext -- Initializing Spring TestDispatcherServlet ''
12:39:24.798 [main] INFO org.springframework.test.web.servlet.TestDispatcherServlet -- Initializing Servlet ''
12:39:24.798 [main] INFO org.springframework.test.web.servlet.TestDispatcherServlet -- Completed initialization in 0 ms
12:39:24.802 [main] INFO com.example.booksyspa.controller.ClienteController -- GET /api/v2/clientes
]]></system-out>
  </testcase>
  <testcase name="testGetClienteByRut" classname="com.example.booksyspa.controller.ClienteControllerTest" time="0.022">
    <system-out><![CDATA[12:39:24.824 [main] INFO org.springframework.mock.web.MockServletContext -- Initializing Spring TestDispatcherServlet ''
12:39:24.824 [main] INFO org.springframework.test.web.servlet.TestDispatcherServlet -- Initializing Servlet ''
12:39:24.824 [main] INFO org.springframework.test.web.servlet.TestDispatcherServlet -- Completed initialization in 0 ms
12:39:24.828 [main] INFO com.example.booksyspa.controller.ClienteController -- GET /api/v2/clientes/rut/12345678-9
]]></system-out>
  </testcase>
  <testcase name="testCreateCliente" classname="com.example.booksyspa.controller.ClienteControllerTest" time="0.055">
    <system-out><![CDATA[12:39:24.844 [main] INFO org.springframework.mock.web.MockServletContext -- Initializing Spring TestDispatcherServlet ''
12:39:24.844 [main] INFO org.springframework.test.web.servlet.TestDispatcherServlet -- Initializing Servlet ''
12:39:24.844 [main] INFO org.springframework.test.web.servlet.TestDispatcherServlet -- Completed initialization in 0 ms
12:39:24.884 [main] INFO com.example.booksyspa.controller.ClienteController -- POST /api/v2/clientes
]]></system-out>
  </testcase>
  <testcase name="testUpdateCliente" classname="com.example.booksyspa.controller.ClienteControllerTest" time="0.033">
    <system-out><![CDATA[12:39:24.903 [main] INFO org.springframework.mock.web.MockServletContext -- Initializing Spring TestDispatcherServlet ''
12:39:24.903 [main] INFO org.springframework.test.web.servlet.TestDispatcherServlet -- Initializing Servlet ''
12:39:24.903 [main] INFO org.springframework.test.web.servlet.TestDispatcherServlet -- Completed initialization in 0 ms
12:39:24.917 [main] INFO com.example.booksyspa.controller.ClienteController -- PUT /api/v2/clientes/1
]]></system-out>
  </testcase>
</testsuite>