<?xml version="1.0" encoding="UTF-8"?>
<testsuite xmlns:xsi="http://www.w3.org/2001/XMLSchema-instance" xsi:noNamespaceSchemaLocation="https://maven.apache.org/surefire/maven-surefire-plugin/xsd/surefire-test-report.xsd" version="3.0.2" name="com.example.booksyspa.service.AutorServiceTest" time="7.968" tests="9" errors="0" skipped="0" failures="0" flakes="0">
  <properties>
[...]
</properties>
  <testcase name="testBuscarAutorPorNombre_existe" classname="com.example.booksyspa.service.AutorServiceTest" time="0.018">
    <system-out><![CDATA[12:39:25.586 [main] INFO org.springframework.test.context.support.AnnotationConfigContextLoaderUtils -- Could not detect default configuration classes for test class [com.example.booksyspa.service.AutorServiceTest]: AutorServiceTest does not declare any static, non-private, non-final, nested classes annotated with @Configuration.
12:39:25.713 [main] INFO org.springframework.boot.test.context.SpringBootTestContextBootstrapper -- Found @SpringBootConfiguration com.example.booksyspa.BooksySPAApplication for test class com.example.booksyspa.service.AutorServiceTest
12:39:25.790 [main] INFO org.springframework.test.context.support.AnnotationConfigContextLoaderUtils -- Could not detect default configuration classes for test class [com.example.booksyspa.service.AutorServiceTest]: AutorServiceTest does not declare any static, non-private, non-final, nested classes annotated with @Configuration.
12:39:25.792 [main] INFO org.springframework.boot.test.context.SpringBootTestContextBootstrapper -- Found @SpringBootConfiguration com.example.booksyspa.BooksySPAApplication for test class com.example.booksyspa.service.AutorServiceTest

  .   ____          _            __ _ _
 /\\ / ___'_ __ _ _(_)_ __  __ _ \ \ \ \
( ( )\___ | '_ | '_| | '_ \/ _` | \ \ \ \
 \\/  ___)| |_)| | | | | || (_| |  ) ) ) )
  '  |____| .__|_| |_|_| |_\__, | / / / /
 =========|_|==============|___/=/_/_/_/

 :: Spring Boot ::                (v4.0.6)

{"sequenceNumber":0,"timestamp":1782923966335,"nanoseconds":335072300,"level":"INFO","threadName":"main","loggerName":"com.example.booksyspa.service.AutorServiceTest","context":{"name":"default","birthdate":1782923960762,"properties":{}},"markers": ["COMMONS-LOGGING"],"mdc": {},"message":"Starting AutorServiceTest using Java 25.0.3 with PID 26760 (started by santi in C:\\Users\\santi\\OneDrive\\Imágenes\\Escritorio\\Booksy\\booksy-spa-entrega2\\Booksy-SPA-new-main)","arguments": [],"throwable":null}
{"sequenceNumber":0,"timestamp":1782923966336,"nanoseconds":336580600,"level":"INFO","threadName":"main","loggerName":"com.example.booksyspa.service.AutorServiceTest","context":{"name":"default","birthdate":1782923960762,"properties":{}},"markers": ["COMMONS-LOGGING"],"mdc": {},"message":"No active profile set, falling back to 1 default profile: \"default\"","arguments": [],"throwable":null}
{"sequenceNumber":0,"timestamp":1782923967509,"nanoseconds":509031000,"level":"INFO","threadName":"main","loggerName":"org.springframework.data.repository.config.RepositoryConfigurationDelegate","context":{"name":"default","birthdate":1782923960762,"properties":{}},"markers": ["COMMONS-LOGGING"],"mdc": {},"message":"Bootstrapping Spring Data JPA repositories in DEFAULT mode.","arguments": [],"throwable":null}
{"sequenceNumber":0,"timestamp":1782923967607,"nanoseconds":607667100,"level":"INFO","threadName":"main","loggerName":"org.springframework.data.repository.config.RepositoryConfigurationDelegate","context":{"name":"default","birthdate":1782923960762,"properties":{}},"markers": ["COMMONS-LOGGING"],"mdc": {},"message":"Finished Spring Data repository scanning in 83 ms. Found 5 JPA repository interfaces.","arguments": [],"throwable":null}
{"sequenceNumber":0,"timestamp":1782923968534,"nanoseconds":534295300,"level":"INFO","threadName":"main","loggerName":"com.zaxxer.hikari.HikariDataSource","context":{"name":"default","birthdate":1782923960762,"properties":{}},"mdc": {},"message":"{} - Starting...","arguments": ["HikariPool-1"],"throwable":null}
{"sequenceNumber":0,"timestamp":1782923968796,"nanoseconds":796801400,"level":"INFO","threadName":"main","loggerName":"com.zaxxer.hikari.pool.HikariPool","context":{"name":"default","birthdate":1782923960762,"properties":{}},"mdc": {},"message":"{} - Added connection {}","arguments": ["HikariPool-1","org.sqlite.jdbc4.JDBC4Connection@58fcb07b"],"throwable":null}
{"sequenceNumber":0,"timestamp":1782923968802,"nanoseconds":802239000,"level":"INFO","threadName":"main","loggerName":"com.zaxxer.hikari.HikariDataSource","context":{"name":"default","birthdate":1782923960762,"properties":{}},"mdc": {},"message":"{} - Start completed.","arguments": ["HikariPool-1"],"throwable":null}
{"sequenceNumber":0,"timestamp":1782923968836,"nanoseconds":836211400,"level":"INFO","threadName":"main","loggerName":"org.flywaydb.core.FlywayExecutor","context":{"name":"default","birthdate":1782923960762,"properties":{}},"mdc": {},"message":"Database: jdbc:sqlite:booksyspa.db?date_string_format=yyyy-MM-dd&date_class=text (SQLite 3.50)","throwable":null}
{"sequenceNumber":0,"timestamp":1782923968923,"nanoseconds":923378500,"level":"INFO","threadName":"main","loggerName":"org.flywaydb.core.internal.command.DbValidate","context":{"name":"default","birthdate":1782923960762,"properties":{}},"mdc": {},"message":"Successfully validated 2 migrations (execution time 00:00.033s)","throwable":null}
{"sequenceNumber":0,"timestamp":1782923968941,"nanoseconds":941924900,"level":"INFO","threadName":"main","loggerName":"org.flywaydb.core.internal.command.DbMigrate","context":{"name":"default","birthdate":1782923960762,"properties":{}},"mdc": {},"message":"Current version of schema \"main\": 2","throwable":null}
{"sequenceNumber":0,"timestamp":1782923968946,"nanoseconds":946479100,"level":"INFO","threadName":"main","loggerName":"org.flywaydb.core.internal.command.DbMigrate","context":{"name":"default","birthdate":1782923960762,"properties":{}},"mdc": {},"message":"Schema \"main\" is up to date. No migration necessary.","throwable":null}
{"sequenceNumber":0,"timestamp":1782923969097,"nanoseconds":97457500,"level":"INFO","threadName":"main","loggerName":"org.hibernate.orm.jpa","context":{"name":"default","birthdate":1782923960762,"properties":{}},"mdc": {},"message":"HHH008540: Processing PersistenceUnitInfo [name: default]","throwable":null}
{"sequenceNumber":0,"timestamp":1782923969263,"nanoseconds":263151700,"level":"INFO","threadName":"main","loggerName":"org.hibernate.orm.core","context":{"name":"default","birthdate":1782923960762,"properties":{}},"mdc": {},"message":"HHH000001: Hibernate ORM core version 7.2.12.Final","throwable":null}
{"sequenceNumber":0,"timestamp":1782923969764,"nanoseconds":764097200,"level":"INFO","threadName":"main","loggerName":"org.springframework.orm.jpa.persistenceunit.SpringPersistenceUnitInfo","context":{"name":"default","birthdate":1782923960762,"properties":{}},"markers": ["COMMONS-LOGGING"],"mdc": {},"message":"No LoadTimeWeaver setup: ignoring JPA class transformer","arguments": [],"throwable":null}
{"sequenceNumber":0,"timestamp":1782923969872,"nanoseconds":872262000,"level":"INFO","threadName":"main","loggerName":"org.hibernate.orm.connections.pooling","context":{"name":"default","birthdate":1782923960762,"properties":{}},"mdc": {},"message":"HHH10001005: Database info:\n\tDatabase JDBC URL [jdbc:sqlite:booksyspa.db?date_string_format=yyyy-MM-dd&date_class=text]\n\tDatabase driver: SQLite JDBC\n\tDatabase dialect: SQLiteDialect\n\tDatabase version: 3.50.3\n\tDefault catalog\/schema: undefined\/undefined\n\tAutocommit mode: undefined\/unknown\n\tIsolation level: SERIALIZABLE [default SERIALIZABLE]\n\tJDBC fetch size: none\n\tPool: DataSourceConnectionProvider\n\tMinimum pool size: undefined\/unknown\n\tMaximum pool size: undefined\/unknown","throwable":null}
{"sequenceNumber":0,"timestamp":1782923971391,"nanoseconds":391257200,"level":"INFO","threadName":"main","loggerName":"org.hibernate.orm.core","context":{"name":"default","birthdate":1782923960762,"properties":{}},"mdc": {},"message":"HHH000489: No JTA platform available (set 'hibernate.transaction.jta.platform' to enable JTA platform integration)","throwable":null}
{"sequenceNumber":0,"timestamp":1782923971443,"nanoseconds":443364700,"level":"INFO","threadName":"main","loggerName":"org.springframework.orm.jpa.LocalContainerEntityManagerFactoryBean","context":{"name":"default","birthdate":1782923960762,"properties":{}},"markers": ["COMMONS-LOGGING"],"mdc": {},"message":"Initialized JPA EntityManagerFactory for persistence unit 'default'","arguments": [],"throwable":null}
{"sequenceNumber":0,"timestamp":1782923971960,"nanoseconds":960886100,"level":"INFO","threadName":"main","loggerName":"org.springframework.data.jpa.repository.query.QueryEnhancerFactories","context":{"name":"default","birthdate":1782923960762,"properties":{}},"markers": ["COMMONS-LOGGING"],"mdc": {},"message":"Hibernate is in classpath; If applicable, HQL parser will be used.","arguments": [],"throwable":null}
{"sequenceNumber":0,"timestamp":1782923972664,"nanoseconds":664089100,"level":"WARN","threadName":"main","loggerName":"org.springframework.boot.jpa.autoconfigure.JpaBaseConfiguration$JpaWebConfiguration","context":{"name":"default","birthdate":1782923960762,"properties":{}},"markers": ["COMMONS-LOGGING"],"mdc": {},"message":"spring.jpa.open-in-view is enabled by default. Therefore, database queries may be performed during view rendering. Explicitly configure spring.jpa.open-in-view to disable this warning","arguments": [],"throwable":null}
{"sequenceNumber":0,"timestamp":1782923972734,"nanoseconds":734314900,"level":"WARN","threadName":"main","loggerName":"org.springframework.boot.security.autoconfigure.UserDetailsServiceAutoConfiguration","context":{"name":"default","birthdate":1782923960762,"properties":{}},"markers": ["COMMONS-LOGGING"],"mdc": {},"message":"\r\n\r\nUsing generated security password: 177a19f8-3f39-4da3-8d4a-cf9d67b01cb1\r\n\r\nThis generated password is for development use only. Your security configuration must be updated before running your application in production.\r\n","arguments": [],"throwable":null}
{"sequenceNumber":0,"timestamp":1782923972743,"nanoseconds":743838400,"level":"INFO","threadName":"main","loggerName":"org.springframework.security.config.annotation.authentication.configuration.InitializeUserDetailsBeanManagerConfigurer$InitializeUserDetailsManagerConfigurer","context":{"name":"default","birthdate":1782923960762,"properties":{}},"markers": ["COMMONS-LOGGING"],"mdc": {},"message":"Global AuthenticationManager configured with UserDetailsService bean with name inMemoryUserDetailsManager","arguments": [],"throwable":null}
{"sequenceNumber":0,"timestamp":1782923973446,"nanoseconds":446498200,"level":"INFO","threadName":"main","loggerName":"com.example.booksyspa.service.AutorServiceTest","context":{"name":"default","birthdate":1782923960762,"properties":{}},"markers": ["COMMONS-LOGGING"],"mdc": {},"message":"Started AutorServiceTest in 7.543 seconds (process running for 13.963)","arguments": [],"throwable":null}
{"sequenceNumber":0,"timestamp":1782923973452,"nanoseconds":452169300,"level":"WARN","threadName":"main","loggerName":"org.springdoc.core.events.SpringDocAppInitializer","context":{"name":"default","birthdate":1782923960762,"properties":{}},"mdc": {},"message":"SpringDoc {} endpoint is enabled by default. To disable it in production, set the property '{}=false'","arguments": ["\/v3\/api-docs","springdoc.api-docs.enabled"],"throwable":null}
{"sequenceNumber":0,"timestamp":1782923973452,"nanoseconds":452169300,"level":"WARN","threadName":"main","loggerName":"org.springdoc.core.events.SpringDocAppInitializer","context":{"name":"default","birthdate":1782923960762,"properties":{}},"mdc": {},"message":"SpringDoc {} endpoint is enabled by default. To disable it in production, set the property '{}=false'","arguments": ["\/swagger-ui.html","springdoc.swagger-ui.enabled"],"throwable":null}
{"sequenceNumber":0,"timestamp":1782923973468,"nanoseconds":468226200,"level":"INFO","threadName":"main","loggerName":"com.example.booksyspa.service.AutorService","context":{"name":"default","birthdate":1782923960762,"properties":{}},"mdc": {},"message":"Buscando autor con nombre={}","arguments": ["Gabriel"],"throwable":null}
]]></system-out>
  </testcase>
  <testcase name="testActualizar" classname="com.example.booksyspa.service.AutorServiceTest" time="0.018">
    <system-out><![CDATA[{"sequenceNumber":0,"timestamp":1782923973488,"nanoseconds":488972300,"level":"INFO","threadName":"main","loggerName":"com.example.booksyspa.service.AutorService","context":{"name":"default","birthdate":1782923960762,"properties":{}},"mdc": {},"message":"Actualizando autor con id={}","arguments": ["1"],"throwable":null}
{"sequenceNumber":0,"timestamp":1782923973489,"nanoseconds":489968900,"level":"INFO","threadName":"main","loggerName":"com.example.booksyspa.service.AutorService","context":{"name":"default","birthdate":1782923960762,"properties":{}},"mdc": {},"message":"Persistiendo cambios del autor id={}","arguments": ["1"],"throwable":null}
{"sequenceNumber":0,"timestamp":1782923973490,"nanoseconds":490969900,"level":"INFO","threadName":"main","loggerName":"com.example.booksyspa.service.AutorService","context":{"name":"default","birthdate":1782923960762,"properties":{}},"mdc": {},"message":"Autor id={} actualizado correctamente","arguments": ["1"],"throwable":null}
]]></system-out>
  </testcase>
  <testcase name="testBuscarAutorPorId_noExiste" classname="com.example.booksyspa.service.AutorServiceTest" time="0.006">
    <system-out><![CDATA[{"sequenceNumber":0,"timestamp":1782923973501,"nanoseconds":501236100,"level":"INFO","threadName":"main","loggerName":"com.example.booksyspa.service.AutorService","context":{"name":"default","birthdate":1782923960762,"properties":{}},"mdc": {},"message":"Buscando autor con id={}","arguments": ["99"],"throwable":null}
{"sequenceNumber":0,"timestamp":1782923973501,"nanoseconds":501236100,"level":"WARN","threadName":"main","loggerName":"com.example.booksyspa.service.AutorService","context":{"name":"default","birthdate":1782923960762,"properties":{}},"mdc": {},"message":"No se encontró autor con id={}","arguments": ["99"],"throwable":null}
]]></system-out>
  </testcase>
  <testcase name="testEliminar_noExiste" classname="com.example.booksyspa.service.AutorServiceTest" time="0.009">
    <system-out><![CDATA[{"sequenceNumber":0,"timestamp":1782923973508,"nanoseconds":508760600,"level":"INFO","threadName":"main","loggerName":"com.example.booksyspa.service.AutorService","context":{"name":"default","birthdate":1782923960762,"properties":{}},"mdc": {},"message":"Eliminando autor con id={}","arguments": ["99"],"throwable":null}
{"sequenceNumber":0,"timestamp":1782923973508,"nanoseconds":508760600,"level":"WARN","threadName":"main","loggerName":"com.example.booksyspa.service.AutorService","context":{"name":"default","birthdate":1782923960762,"properties":{}},"mdc": {},"message":"No se encontró autor con id={}","arguments": ["99"],"throwable":null}
]]></system-out>
  </testcase>
  <testcase name="testBuscarAutorPorId_existe" classname="com.example.booksyspa.service.AutorServiceTest" time="0.004">
    <system-out><![CDATA[{"sequenceNumber":0,"timestamp":1782923973517,"nanoseconds":517729100,"level":"INFO","threadName":"main","loggerName":"com.example.booksyspa.service.AutorService","context":{"name":"default","birthdate":1782923960762,"properties":{}},"mdc": {},"message":"Buscando autor con id={}","arguments": ["1"],"throwable":null}
]]></system-out>
  </testcase>
  <testcase name="testGuardar" classname="com.example.booksyspa.service.AutorServiceTest" time="0.004">
    <system-out><![CDATA[{"sequenceNumber":0,"timestamp":1782923973522,"nanoseconds":522738600,"level":"INFO","threadName":"main","loggerName":"com.example.booksyspa.service.AutorService","context":{"name":"default","birthdate":1782923960762,"properties":{}},"mdc": {},"message":"Guardando autor nombre={} apellido={}","arguments": ["Gabriel","García Márquez"],"throwable":null}
{"sequenceNumber":0,"timestamp":1782923973522,"nanoseconds":522738600,"level":"INFO","threadName":"main","loggerName":"com.example.booksyspa.service.AutorService","context":{"name":"default","birthdate":1782923960762,"properties":{}},"mdc": {},"message":"Autor guardado correctamente con id={}","arguments": ["1"],"throwable":null}
]]></system-out>
  </testcase>
  <testcase name="testObtenerAutores" classname="com.example.booksyspa.service.AutorServiceTest" time="0.007">
    <system-out><![CDATA[{"sequenceNumber":0,"timestamp":1782923973531,"nanoseconds":531267400,"level":"INFO","threadName":"main","loggerName":"com.example.booksyspa.service.AutorService","context":{"name":"default","birthdate":1782923960762,"properties":{}},"mdc": {},"message":"Consultando todos los autores","throwable":null}
]]></system-out>
  </testcase>
  <testcase name="testEliminar" classname="com.example.booksyspa.service.AutorServiceTest" time="0.006">
    <system-out><![CDATA[{"sequenceNumber":0,"timestamp":1782923973537,"nanoseconds":537786500,"level":"INFO","threadName":"main","loggerName":"com.example.booksyspa.service.AutorService","context":{"name":"default","birthdate":1782923960762,"properties":{}},"mdc": {},"message":"Eliminando autor con id={}","arguments": ["1"],"throwable":null}
{"sequenceNumber":0,"timestamp":1782923973538,"nanoseconds":538800800,"level":"INFO","threadName":"main","loggerName":"com.example.booksyspa.service.AutorService","context":{"name":"default","birthdate":1782923960762,"properties":{}},"mdc": {},"message":"Autor id={} eliminado correctamente","arguments": ["1"],"throwable":null}
]]></system-out>
  </testcase>
  <testcase name="testBuscarAutorPorNombre_noExiste" classname="com.example.booksyspa.service.AutorServiceTest" time="0.004">
    <system-out><![CDATA[{"sequenceNumber":0,"timestamp":1782923973545,"nanoseconds":545797200,"level":"INFO","threadName":"main","loggerName":"com.example.booksyspa.service.AutorService","context":{"name":"default","birthdate":1782923960762,"properties":{}},"mdc": {},"message":"Buscando autor con nombre={}","arguments": ["Desconocido"],"throwable":null}
{"sequenceNumber":0,"timestamp":1782923973545,"nanoseconds":545797200,"level":"WARN","threadName":"main","loggerName":"com.example.booksyspa.service.AutorService","context":{"name":"default","birthdate":1782923960762,"properties":{}},"mdc": {},"message":"No se encontró autor con nombre={}","arguments": ["Desconocido"],"throwable":null}
]]></system-out>
  </testcase>
</testsuite>