<?xml version="1.0" encoding="UTF-8"?>
<testsuite xmlns:xsi="http://www.w3.org/2001/XMLSchema-instance" xsi:noNamespaceSchemaLocation="https://maven.apache.org/surefire/maven-surefire-plugin/xsd/surefire-test-report.xsd" version="3.0.2" name="com.example.msusuarios.service.UsuarioServiceTest" time="6.614" tests="10" errors="0" skipped="0" failures="0" flakes="0">
  <properties>
[...]
</properties>
  <testcase name="testGetUsuarioByEmail_noExiste" classname="com.example.msusuarios.service.UsuarioServiceTest" time="0.021">
    <system-out><![CDATA[12:38:38.388 [main] INFO org.springframework.test.context.support.AnnotationConfigContextLoaderUtils -- Could not detect default configuration classes for test class [com.example.msusuarios.service.UsuarioServiceTest]: UsuarioServiceTest does not declare any static, non-private, non-final, nested classes annotated with @Configuration.
12:38:38.544 [main] INFO org.springframework.boot.test.context.SpringBootTestContextBootstrapper -- Found @SpringBootConfiguration com.example.msusuarios.MsUsuariosApplication for test class com.example.msusuarios.service.UsuarioServiceTest
12:38:38.586 [main] INFO org.springframework.test.context.support.AnnotationConfigContextLoaderUtils -- Could not detect default configuration classes for test class [com.example.msusuarios.service.UsuarioServiceTest]: UsuarioServiceTest does not declare any static, non-private, non-final, nested classes annotated with @Configuration.
12:38:38.588 [main] INFO org.springframework.boot.test.context.SpringBootTestContextBootstrapper -- Found @SpringBootConfiguration com.example.msusuarios.MsUsuariosApplication for test class com.example.msusuarios.service.UsuarioServiceTest

  .   ____          _            __ _ _
 /\\ / ___'_ __ _ _(_)_ __  __ _ \ \ \ \
( ( )\___ | '_ | '_| | '_ \/ _` | \ \ \ \
 \\/  ___)| |_)| | | | | || (_| |  ) ) ) )
  '  |____| .__|_| |_|_| |_\__, | / / / /
 =========|_|==============|___/=/_/_/_/

 :: Spring Boot ::                (v4.0.6)

{"sequenceNumber":0,"timestamp":1782923919222,"nanoseconds":222113100,"level":"INFO","threadName":"main","loggerName":"com.example.msusuarios.service.UsuarioServiceTest","context":{"name":"default","birthdate":1782923915510,"properties":{}},"markers": ["COMMONS-LOGGING"],"mdc": {},"message":"Starting UsuarioServiceTest using Java 25.0.3 with PID 34588 (started by santi in C:\\Users\\santi\\OneDrive\\Imágenes\\Escritorio\\Booksy\\booksy-spa-entrega2\\ms-usuarios)","arguments": [],"throwable":null}
{"sequenceNumber":0,"timestamp":1782923919225,"nanoseconds":225121000,"level":"INFO","threadName":"main","loggerName":"com.example.msusuarios.service.UsuarioServiceTest","context":{"name":"default","birthdate":1782923915510,"properties":{}},"markers": ["COMMONS-LOGGING"],"mdc": {},"message":"No active profile set, falling back to 1 default profile: \"default\"","arguments": [],"throwable":null}
{"sequenceNumber":0,"timestamp":1782923920567,"nanoseconds":567363900,"level":"INFO","threadName":"main","loggerName":"org.springframework.data.repository.config.RepositoryConfigurationDelegate","context":{"name":"default","birthdate":1782923915510,"properties":{}},"markers": ["COMMONS-LOGGING"],"mdc": {},"message":"Bootstrapping Spring Data JPA repositories in DEFAULT mode.","arguments": [],"throwable":null}
{"sequenceNumber":0,"timestamp":1782923920642,"nanoseconds":642520800,"level":"INFO","threadName":"main","loggerName":"org.springframework.data.repository.config.RepositoryConfigurationDelegate","context":{"name":"default","birthdate":1782923915510,"properties":{}},"markers": ["COMMONS-LOGGING"],"mdc": {},"message":"Finished Spring Data repository scanning in 65 ms. Found 1 JPA repository interface.","arguments": [],"throwable":null}
{"sequenceNumber":0,"timestamp":1782923921303,"nanoseconds":303365700,"level":"INFO","threadName":"main","loggerName":"com.zaxxer.hikari.HikariDataSource","context":{"name":"default","birthdate":1782923915510,"properties":{}},"mdc": {},"message":"{} - Starting...","arguments": ["HikariPool-1"],"throwable":null}
{"sequenceNumber":0,"timestamp":1782923921571,"nanoseconds":571757200,"level":"INFO","threadName":"main","loggerName":"com.zaxxer.hikari.pool.HikariPool","context":{"name":"default","birthdate":1782923915510,"properties":{}},"mdc": {},"message":"{} - Added connection {}","arguments": ["HikariPool-1","org.sqlite.jdbc4.JDBC4Connection@5a919251"],"throwable":null}
{"sequenceNumber":0,"timestamp":1782923921574,"nanoseconds":574768400,"level":"INFO","threadName":"main","loggerName":"com.zaxxer.hikari.HikariDataSource","context":{"name":"default","birthdate":1782923915510,"properties":{}},"mdc": {},"message":"{} - Start completed.","arguments": ["HikariPool-1"],"throwable":null}
{"sequenceNumber":0,"timestamp":1782923921611,"nanoseconds":611646500,"level":"INFO","threadName":"main","loggerName":"org.flywaydb.core.FlywayExecutor","context":{"name":"default","birthdate":1782923915510,"properties":{}},"mdc": {},"message":"Database: jdbc:sqlite:msusuarios.db?date_string_format=yyyy-MM-dd&date_class=text (SQLite 3.50)","throwable":null}
{"sequenceNumber":0,"timestamp":1782923921700,"nanoseconds":700316200,"level":"INFO","threadName":"main","loggerName":"org.flywaydb.core.internal.command.DbValidate","context":{"name":"default","birthdate":1782923915510,"properties":{}},"mdc": {},"message":"Successfully validated 2 migrations (execution time 00:00.038s)","throwable":null}
{"sequenceNumber":0,"timestamp":1782923921711,"nanoseconds":711480900,"level":"INFO","threadName":"main","loggerName":"org.flywaydb.core.internal.command.DbMigrate","context":{"name":"default","birthdate":1782923915510,"properties":{}},"mdc": {},"message":"Current version of schema \"main\": 2","throwable":null}
{"sequenceNumber":0,"timestamp":1782923921714,"nanoseconds":714565900,"level":"INFO","threadName":"main","loggerName":"org.flywaydb.core.internal.command.DbMigrate","context":{"name":"default","birthdate":1782923915510,"properties":{}},"mdc": {},"message":"Schema \"main\" is up to date. No migration necessary.","throwable":null}
{"sequenceNumber":0,"timestamp":1782923921872,"nanoseconds":872711500,"level":"INFO","threadName":"main","loggerName":"org.hibernate.orm.jpa","context":{"name":"default","birthdate":1782923915510,"properties":{}},"mdc": {},"message":"HHH008540: Processing PersistenceUnitInfo [name: default]","throwable":null}
{"sequenceNumber":0,"timestamp":1782923921946,"nanoseconds":946637500,"level":"INFO","threadName":"main","loggerName":"org.hibernate.orm.core","context":{"name":"default","birthdate":1782923915510,"properties":{}},"mdc": {},"message":"HHH000001: Hibernate ORM core version 7.2.12.Final","throwable":null}
{"sequenceNumber":0,"timestamp":1782923922435,"nanoseconds":435054500,"level":"INFO","threadName":"main","loggerName":"org.springframework.orm.jpa.persistenceunit.SpringPersistenceUnitInfo","context":{"name":"default","birthdate":1782923915510,"properties":{}},"markers": ["COMMONS-LOGGING"],"mdc": {},"message":"No LoadTimeWeaver setup: ignoring JPA class transformer","arguments": [],"throwable":null}
{"sequenceNumber":0,"timestamp":1782923922528,"nanoseconds":528034200,"level":"INFO","threadName":"main","loggerName":"org.hibernate.orm.connections.pooling","context":{"name":"default","birthdate":1782923915510,"properties":{}},"mdc": {},"message":"HHH10001005: Database info:\n\tDatabase JDBC URL [jdbc:sqlite:msusuarios.db?date_string_format=yyyy-MM-dd&date_class=text]\n\tDatabase driver: SQLite JDBC\n\tDatabase dialect: SQLiteDialect\n\tDatabase version: 3.50.3\n\tDefault catalog\/schema: undefined\/undefined\n\tAutocommit mode: undefined\/unknown\n\tIsolation level: SERIALIZABLE [default SERIALIZABLE]\n\tJDBC fetch size: none\n\tPool: DataSourceConnectionProvider\n\tMinimum pool size: undefined\/unknown\n\tMaximum pool size: undefined\/unknown","throwable":null}
{"sequenceNumber":0,"timestamp":1782923923505,"nanoseconds":505240900,"level":"INFO","threadName":"main","loggerName":"org.hibernate.orm.core","context":{"name":"default","birthdate":1782923915510,"properties":{}},"mdc": {},"message":"HHH000489: No JTA platform available (set 'hibernate.transaction.jta.platform' to enable JTA platform integration)","throwable":null}
{"sequenceNumber":0,"timestamp":1782923923562,"nanoseconds":562352000,"level":"INFO","threadName":"main","loggerName":"org.springframework.orm.jpa.LocalContainerEntityManagerFactoryBean","context":{"name":"default","birthdate":1782923915510,"properties":{}},"markers": ["COMMONS-LOGGING"],"mdc": {},"message":"Initialized JPA EntityManagerFactory for persistence unit 'default'","arguments": [],"throwable":null}
{"sequenceNumber":0,"timestamp":1782923923913,"nanoseconds":913151500,"level":"WARN","threadName":"main","loggerName":"org.springframework.boot.jpa.autoconfigure.JpaBaseConfiguration$JpaWebConfiguration","context":{"name":"default","birthdate":1782923915510,"properties":{}},"markers": ["COMMONS-LOGGING"],"mdc": {},"message":"spring.jpa.open-in-view is enabled by default. Therefore, database queries may be performed during view rendering. Explicitly configure spring.jpa.open-in-view to disable this warning","arguments": [],"throwable":null}
{"sequenceNumber":0,"timestamp":1782923923964,"nanoseconds":964700100,"level":"WARN","threadName":"main","loggerName":"org.springframework.boot.security.autoconfigure.UserDetailsServiceAutoConfiguration","context":{"name":"default","birthdate":1782923915510,"properties":{}},"markers": ["COMMONS-LOGGING"],"mdc": {},"message":"\r\n\r\nUsing generated security password: 16c481fe-757f-40ae-925f-dfef214ebf33\r\n\r\nThis generated password is for development use only. Your security configuration must be updated before running your application in production.\r\n","arguments": [],"throwable":null}
{"sequenceNumber":0,"timestamp":1782923923979,"nanoseconds":979466600,"level":"INFO","threadName":"main","loggerName":"org.springframework.security.config.annotation.authentication.configuration.InitializeUserDetailsBeanManagerConfigurer$InitializeUserDetailsManagerConfigurer","context":{"name":"default","birthdate":1782923915510,"properties":{}},"markers": ["COMMONS-LOGGING"],"mdc": {},"message":"Global AuthenticationManager configured with UserDetailsService bean with name inMemoryUserDetailsManager","arguments": [],"throwable":null}
{"sequenceNumber":0,"timestamp":1782923924782,"nanoseconds":782180800,"level":"INFO","threadName":"main","loggerName":"com.example.msusuarios.service.UsuarioServiceTest","context":{"name":"default","birthdate":1782923915510,"properties":{}},"markers": ["COMMONS-LOGGING"],"mdc": {},"message":"Started UsuarioServiceTest in 6.123 seconds (process running for 11.838)","arguments": [],"throwable":null}
{"sequenceNumber":0,"timestamp":1782923924785,"nanoseconds":785137400,"level":"WARN","threadName":"main","loggerName":"org.springdoc.core.events.SpringDocAppInitializer","context":{"name":"default","birthdate":1782923915510,"properties":{}},"mdc": {},"message":"SpringDoc {} endpoint is enabled by default. To disable it in production, set the property '{}=false'","arguments": ["\/v3\/api-docs","springdoc.api-docs.enabled"],"throwable":null}
{"sequenceNumber":0,"timestamp":1782923924785,"nanoseconds":785137400,"level":"WARN","threadName":"main","loggerName":"org.springdoc.core.events.SpringDocAppInitializer","context":{"name":"default","birthdate":1782923915510,"properties":{}},"mdc": {},"message":"SpringDoc {} endpoint is enabled by default. To disable it in production, set the property '{}=false'","arguments": ["\/swagger-ui.html","springdoc.swagger-ui.enabled"],"throwable":null}
{"sequenceNumber":0,"timestamp":1782923924804,"nanoseconds":804470500,"level":"INFO","threadName":"main","loggerName":"com.example.msusuarios.service.UsuarioService","context":{"name":"default","birthdate":1782923915510,"properties":{}},"mdc": {},"message":"Buscando usuario con email={}","arguments": ["noexiste@test.cl"],"throwable":null}
]]></system-out>
  </testcase>
  <testcase name="testDeleteUsuario_noExiste" classname="com.example.msusuarios.service.UsuarioServiceTest" time="0.066">
    <system-out><![CDATA[{"sequenceNumber":0,"timestamp":1782923924873,"nanoseconds":873206200,"level":"INFO","threadName":"main","loggerName":"com.example.msusuarios.service.UsuarioService","context":{"name":"default","birthdate":1782923915510,"properties":{}},"mdc": {},"message":"Eliminando usuario con id={}","arguments": ["99"],"throwable":null}
]]></system-out>
  </testcase>
  <testcase name="testGetUsuarioByEmail_existe" classname="com.example.msusuarios.service.UsuarioServiceTest" time="0.006">
    <system-out><![CDATA[{"sequenceNumber":0,"timestamp":1782923924884,"nanoseconds":884618000,"level":"INFO","threadName":"main","loggerName":"com.example.msusuarios.service.UsuarioService","context":{"name":"default","birthdate":1782923915510,"properties":{}},"mdc": {},"message":"Buscando usuario con email={}","arguments": ["admin@test.cl"],"throwable":null}
]]></system-out>
  </testcase>
  <testcase name="testGetUsuarioById_noExiste" classname="com.example.msusuarios.service.UsuarioServiceTest" time="0.005">
    <system-out><![CDATA[{"sequenceNumber":0,"timestamp":1782923924893,"nanoseconds":893262600,"level":"INFO","threadName":"main","loggerName":"com.example.msusuarios.service.UsuarioService","context":{"name":"default","birthdate":1782923915510,"properties":{}},"mdc": {},"message":"Buscando usuario con id={}","arguments": ["99"],"throwable":null}
]]></system-out>
  </testcase>
  <testcase name="testSaveUsuario" classname="com.example.msusuarios.service.UsuarioServiceTest" time="0.006">
    <system-out><![CDATA[{"sequenceNumber":0,"timestamp":1782923924900,"nanoseconds":900904200,"level":"INFO","threadName":"main","loggerName":"com.example.msusuarios.service.UsuarioService","context":{"name":"default","birthdate":1782923915510,"properties":{}},"mdc": {},"message":"Creando usuario con email={}","arguments": ["admin@test.cl"],"throwable":null}
{"sequenceNumber":0,"timestamp":1782923924900,"nanoseconds":900904200,"level":"INFO","threadName":"main","loggerName":"com.example.msusuarios.service.UsuarioService","context":{"name":"default","birthdate":1782923915510,"properties":{}},"mdc": {},"message":"Usuario creado con id={}","arguments": ["1"],"throwable":null}
]]></system-out>
  </testcase>
  <testcase name="testUpdateUsuario" classname="com.example.msusuarios.service.UsuarioServiceTest" time="0.01">
    <system-out><![CDATA[{"sequenceNumber":0,"timestamp":1782923924908,"nanoseconds":908441000,"level":"INFO","threadName":"main","loggerName":"com.example.msusuarios.service.UsuarioService","context":{"name":"default","birthdate":1782923915510,"properties":{}},"mdc": {},"message":"Actualizando usuario con id={}","arguments": ["1"],"throwable":null}
{"sequenceNumber":0,"timestamp":1782923924909,"nanoseconds":909444200,"level":"INFO","threadName":"main","loggerName":"com.example.msusuarios.service.UsuarioService","context":{"name":"default","birthdate":1782923915510,"properties":{}},"mdc": {},"message":"Usuario actualizado con id={}","arguments": ["1"],"throwable":null}
]]></system-out>
  </testcase>
  <testcase name="testGetUsuarioById_existe" classname="com.example.msusuarios.service.UsuarioServiceTest" time="0.005">
    <system-out><![CDATA[{"sequenceNumber":0,"timestamp":1782923924917,"nanoseconds":917570900,"level":"INFO","threadName":"main","loggerName":"com.example.msusuarios.service.UsuarioService","context":{"name":"default","birthdate":1782923915510,"properties":{}},"mdc": {},"message":"Buscando usuario con id={}","arguments": ["1"],"throwable":null}
]]></system-out>
  </testcase>
  <testcase name="testSaveUsuario_emailDuplicado" classname="com.example.msusuarios.service.UsuarioServiceTest" time="0.006">
    <system-out><![CDATA[{"sequenceNumber":0,"timestamp":1782923924924,"nanoseconds":924580600,"level":"INFO","threadName":"main","loggerName":"com.example.msusuarios.service.UsuarioService","context":{"name":"default","birthdate":1782923915510,"properties":{}},"mdc": {},"message":"Creando usuario con email={}","arguments": ["admin@test.cl"],"throwable":null}
]]></system-out>
  </testcase>
  <testcase name="testDeleteUsuario" classname="com.example.msusuarios.service.UsuarioServiceTest" time="0.004">
    <system-out><![CDATA[{"sequenceNumber":0,"timestamp":1782923924931,"nanoseconds":931253700,"level":"INFO","threadName":"main","loggerName":"com.example.msusuarios.service.UsuarioService","context":{"name":"default","birthdate":1782923915510,"properties":{}},"mdc": {},"message":"Eliminando usuario con id={}","arguments": ["1"],"throwable":null}
]]></system-out>
  </testcase>
  <testcase name="testGetUsuarios" classname="com.example.msusuarios.service.UsuarioServiceTest" time="0.005">
    <system-out><![CDATA[{"sequenceNumber":0,"timestamp":1782923924936,"nanoseconds":936724200,"level":"INFO","threadName":"main","loggerName":"com.example.msusuarios.service.UsuarioService","context":{"name":"default","birthdate":1782923915510,"properties":{}},"mdc": {},"message":"Consultando todos los usuarios","throwable":null}
]]></system-out>
  </testcase>
</testsuite>